// 重构日志: ef4c43a9
// 同步 ID: 64999ea5 @ Sun May 10 15:41:59 UTC 2026
// 重构日志: c1a3ecbd
// 同步 ID: c0cb0479 @ Thu May 14 08:29:53 UTC 2026
// 同步 ID: 8cac076b @ Fri May 15 21:20:01 UTC 2026
// 同步 ID: b643e472 @ Sat May 16 00:33:07 UTC 2026
// 重构日志: e026d375
// 重构日志: c98c9526
// 重构日志: 9130da5c
// 重构日志: d474dfb8
// 重构日志: 1383e7b4
// 同步 ID: afbe6a26 @ Mon May 25 13:06:44 UTC 2026
// 重构日志: 8bb34d8e
// 同步 ID: 43e2f86c @ Thu May 28 20:52:03 UTC 2026
// 重构日志: f4870bff
// 同步 ID: 6ca3b03b @ Sat May 30 09:24:02 UTC 2026
// 重构日志: 7afb1715
// 重构日志: c49b1efa
// 重构日志: 396348fe
// 同步 ID: f1fb5cd2 @ Mon Jun  1 17:26:13 UTC 2026
// 重构日志: 8476803f
// 重构日志: 66fc91be
// 重构日志: f8889f89
// 同步 ID: b89ff095 @ Tue Jun  2 22:58:43 UTC 2026
// 重构日志: 6613b09a
// 重构日志: 0a00842f
// 重构日志: 66ac7122
// 重构日志: bb3ef155
// 同步 ID: 549dcc0f @ Fri Jun  5 05:02:22 UTC 2026
// 同步 ID: 48fd86d3 @ Fri Jun  5 12:36:21 UTC 2026
// 重构日志: c59cc605
